<beans xmlns="http://www.springframework.org/schema/beans"
       xmlns:xsi="http://www.w3.org/2001/XMLSchema-instance"
       xmlns:context="http://www.springframework.org/schema/context"
       xmlns:security="http://www.springframework.org/schema/security"
       xmlns:tx="http://www.springframework.org/schema/tx"
       xsi:schemaLocation="http://www.springframework.org/schema/beans
        http://www.springframework.org/schema/beans/spring-beans.xsd
        http://www.springframework.org/schema/context
        http://www.springframework.org/schema/context/spring-context.xsd
        http://www.springframework.org/schema/security
        http://www.springframework.org/schema/security/spring-security.xsd
        http://www.springframework.org/schema/tx
        http://www.springframework.org/schema/tx/spring-tx-2.5.xsd">

    <context:component-scan base-package="com.itechart.deliveryservice"/>
    <context:property-placeholder location="classpath:settings.properties" ignore-unresolvable="true"/>

    <bean id="testEntityManager" class="org.springframework.orm.jpa.LocalContainerEntityManagerFactoryBean">
        <property name="dataSource" ref="testDataSource" />
        <property name="packagesToScan" value="com.itechart.deliveryservice.entity" />
        <property name="jpaVendorAdapter">
            <bean class="org.springframework.orm.jpa.vendor.HibernateJpaVendorAdapter" />
        </property>
        <property name="jpaProperties">
            <props>
                <prop key="hibernate.hbm2ddl.auto">create</prop>
                <prop key="hibernate.dialect">org.hibernate.dialect.H2Dialect</prop>
            </props>
        </property>
    </bean>

    <bean id="testDataSource" class="org.springframework.jdbc.datasource.DriverManagerDataSource">
        <property name="driverClassName" value="org.h2.Driver" />
        <property name="url" value="jdbc:h2:mem:test;DB_CLOSE_DELAY=-1" />
        <property name="username" value="sa" />
        <property name="password" value="" />
    </bean>

    <bean id="transactionManager" class="org.springframework.orm.jpa.JpaTransactionManager">
        <property name="entityManagerFactory" ref="testEntityManager" />
    </bean>

    <tx:annotation-driven />
    <security:global-method-security secured-annotations="enabled" />

    <bean id="mapper" class="org.dozer.DozerBeanMapper">
    <property name="mappingFiles">
        <list>
            <value>dozer-global-configuration.xml</value>
            <value>dozer-mapping.xml</value>
        </list>
    </property>
    </bean>

    <bean class="org.springframework.beans.factory.config.MethodInvokingFactoryBean">
        <property name="staticMethod" value="com.itechart.deliveryservice.utils.Settings.fill"/>
        <property name="arguments">
            <list>
                <value type="java.lang.Integer">${setting.rows}</value>
                <value type="java.lang.String">${setting.mailAddressFrom}</value>
                <value type="java.lang.String">${setting.mailPassword}</value>
            </list>
        </property>
    </bean>

</beans>